This file contains any messages produced by compilers while
running configure, to aid debugging if configure makes a mistake.

It was created by sdiOS configure 0.1, which was
generated by GNU Autoconf 2.61.  Invocation command line was

  $ ../sdios/configure --prefix=/home/marcel/sdi/boot --with-comport=0 --with-idldir=/usr/local/bin

## --------- ##
## Platform. ##
## --------- ##

hostname = ganymed
uname -m = i686
uname -r = 2.6.21.5
uname -s = Linux
uname -v = #4 SMP PREEMPT Mon Aug 13 00:22:54 CEST 2007

/usr/bin/uname -p = unknown
/bin/uname -X     = unknown

/bin/arch              = i686
/usr/bin/arch -k       = unknown
/usr/convex/getsysinfo = unknown
/usr/bin/hostinfo      = unknown
/bin/machine           = unknown
/usr/bin/oslevel       = unknown
/bin/universe          = unknown

PATH: /usr/local/bin
PATH: /usr/bin
PATH: /bin
PATH: /usr/bin/X11
PATH: /usr/games
PATH: /home/marcel/bin


## ----------- ##
## Core tests. ##
## ----------- ##

configure:1869: checking for gcc
configure:1885: found /usr/bin/gcc
configure:1896: result: gcc
configure:2134: checking for C compiler version
configure:2141: gcc --version >&5
gcc (GCC) 4.1.2 20061115 (prerelease) (Debian 4.1.1-21)
Copyright (C) 2006 Free Software Foundation, Inc.
This is free software; see the source for copying conditions.  There is NO
warranty; not even for MERCHANTABILITY or FITNESS FOR A PARTICULAR PURPOSE.

configure:2144: $? = 0
configure:2151: gcc -v >&5
Using built-in specs.
Target: i486-linux-gnu
Configured with: ../src/configure -v --enable-languages=c,c++,fortran,objc,obj-c++,treelang --prefix=/usr --enable-shared --with-system-zlib --libexecdir=/usr/lib --without-included-gettext --enable-threads=posix --enable-nls --program-suffix=-4.1 --enable-__cxa_atexit --enable-clocale=gnu --enable-libstdcxx-debug --enable-mpfr --with-tune=i686 --enable-checking=release i486-linux-gnu
Thread model: posix
gcc version 4.1.2 20061115 (prerelease) (Debian 4.1.1-21)
configure:2154: $? = 0
configure:2161: gcc -V >&5
gcc: '-V' option must have argument
configure:2164: $? = 1
configure:2187: checking for C compiler default output file name
configure:2214: gcc    conftest.c  >&5
configure:2217: $? = 0
configure:2255: result: a.out
configure:2272: checking whether the C compiler works
configure:2282: ./a.out
configure:2285: $? = 0
configure:2302: result: yes
configure:2309: checking whether we are cross compiling
configure:2311: result: no
configure:2314: checking for suffix of executables
configure:2321: gcc -o conftest    conftest.c  >&5
configure:2324: $? = 0
configure:2348: result: 
configure:2354: checking for suffix of object files
configure:2380: gcc -c   conftest.c >&5
configure:2383: $? = 0
configure:2406: result: o
configure:2410: checking whether we are using the GNU C compiler
configure:2439: gcc -c   conftest.c >&5
configure:2445: $? = 0
configure:2462: result: yes
configure:2467: checking whether gcc accepts -g
configure:2497: gcc -c -g  conftest.c >&5
configure:2503: $? = 0
configure:2602: result: yes
configure:2619: checking for gcc option to accept ISO C89
configure:2693: gcc  -c -g -O2  conftest.c >&5
configure:2699: $? = 0
configure:2722: result: none needed
configure:2784: checking for a BSD-compatible install
configure:2840: result: /usr/bin/install -c
configure:2851: checking whether make sets $(MAKE)
configure:2872: result: yes
configure:2881: checking whether ln -s works
configure:2885: result: yes
configure:2896: checking for gawk
configure:2912: found /usr/bin/gawk
configure:2923: result: gawk
configure:3016: checking location of libgcc.a
configure:3020: result: /usr/lib/gcc/i486-linux-gnu/4.1.2
configure:3023: checking location of stdarg.h
configure:3043: result: /usr/lib/gcc/i486-linux-gnu/4.1.2/include
configure:3052: checking kernel build directory
configure:3094: result: $(top_builddir)
configure:3097: checking idl compiler directory
configure:3106: result: /usr/local/bin
configure:3375: creating ./config.status

## ---------------------- ##
## Running config.status. ##
## ---------------------- ##

This file was extended by sdiOS config.status 0.1, which was
generated by GNU Autoconf 2.61.  Invocation command line was

  CONFIG_FILES    = 
  CONFIG_HEADERS  = 
  CONFIG_LINKS    = 
  CONFIG_COMMANDS = 
  $ ./config.status 

on ganymed

config.status:624: creating config.mk
config.status:624: creating Makefile
config.status:624: creating if/Makefile
config.status:624: creating lib/Makefile
config.status:624: creating lib/l4/Makefile
config.status:624: creating lib/io/Makefile
config.status:624: creating lib/sdi/Makefile
config.status:624: creating serv/Makefile
config.status:624: creating serv/sigma0/Makefile
config.status:624: creating src/Makefile
config.status:624: creating src/root/Makefile
config.status:624: creating src/test/Makefile
config.status:624: creating util/Makefile
config.status:624: creating util/kickstart/Makefile
config.status:624: creating util/piggybacker/Makefile
config.status:624: creating util/piggybacker/ofppc/Makefile
config.status:624: creating util/piggybacker/ofppc64/Makefile
config.status:624: creating config.h

## ---------------- ##
## Cache variables. ##
## ---------------- ##

ac_cv_c_compiler_gnu=yes
ac_cv_env_CC_set=
ac_cv_env_CC_value=
ac_cv_env_CFLAGS_set=
ac_cv_env_CFLAGS_value=
ac_cv_env_CPPFLAGS_set=
ac_cv_env_CPPFLAGS_value=
ac_cv_env_LDFLAGS_set=
ac_cv_env_LDFLAGS_value=
ac_cv_env_LIBS_set=
ac_cv_env_LIBS_value=
ac_cv_env_build_alias_set=
ac_cv_env_build_alias_value=
ac_cv_env_host_alias_set=
ac_cv_env_host_alias_value=
ac_cv_env_target_alias_set=
ac_cv_env_target_alias_value=
ac_cv_objext=o
ac_cv_path_install='/usr/bin/install -c'
ac_cv_prog_AWK=gawk
ac_cv_prog_ac_ct_CC=gcc
ac_cv_prog_cc_c89=
ac_cv_prog_cc_g=yes
ac_cv_prog_make_make_set=yes

## ----------------- ##
## Output variables. ##
## ----------------- ##

ARCH='ia32'
ARCHSW='IA32'
AWK='gawk'
BITS='32'
CC='gcc'
CFLAGS='-nostdinc -g -O2'
CPPFLAGS='-I. -I$(top_srcdir)/include -I$(top_builddir) -I/usr/lib/gcc/i486-linux-gnu/4.1.2/include -DCONFIG_ARCH_IA32 '
CROSSCC=''
CXXFLAGS='-fno-exceptions '
DEFS='-DHAVE_CONFIG_H'
ECHO_C=''
ECHO_N='-n'
ECHO_T=''
EXEEXT=''
IDLFLAGS='-I$(top_srcdir)/if -I$(top_srcdir)/include -I$(top_builddir) -mc++ -DCONFIG_ARCH_IA32'
INSTALL_DATA='${INSTALL} -m 644'
INSTALL_PROGRAM='${INSTALL}'
INSTALL_SCRIPT='${INSTALL}'
KICKSTART_LINKBASE='00800000'
LDFLAGS='-N -L$(top_builddir)/lib -L/usr/lib/gcc/i486-linux-gnu/4.1.2 -nostdlib '
LIBOBJS=''
LIBS=''
LN_S='ln -s'
LTLIBOBJS=''
OBJEXT='o'
PACKAGE_BUGREPORT=''
PACKAGE_NAME='sdiOS'
PACKAGE_STRING='sdiOS 0.1'
PACKAGE_TARNAME='sdios'
PACKAGE_VERSION='0.1'
PATH_SEPARATOR=':'
PLAT=''
ROOTTASK_LINKBASE='00300000'
SET_MAKE=''
SHELL='/bin/sh'
SIGMA0_LINKBASE='00020000'
TOOLPREFIX=''
ac_ct_CC='gcc'
bindir='${exec_prefix}/bin'
build_alias=''
datadir='${datarootdir}'
datarootdir='${prefix}/share'
docdir='${datarootdir}/doc/${PACKAGE_TARNAME}'
dvidir='${docdir}'
exec_prefix='${prefix}'
host_alias=''
htmldir='${docdir}'
idldir='/usr/local/bin'
includedir='${prefix}/include'
infodir='${datarootdir}/info'
kerneldir='$(top_builddir)'
libdir='${exec_prefix}/lib/l4'
libexecdir='${exec_prefix}/libexec/l4'
localedir='${datarootdir}/locale'
localstatedir='${prefix}/var'
mandir='${datarootdir}/man'
oldincludedir='/usr/include'
pdfdir='${docdir}'
prefix='/home/marcel/sdi/boot'
program_transform_name='s,x,x,'
psdir='${docdir}'
sbindir='${exec_prefix}/sbin'
sharedstatedir='${prefix}/com'
sysconfdir='${prefix}/etc'
target_alias=''

## ----------- ##
## confdefs.h. ##
## ----------- ##

#define PACKAGE_NAME "sdiOS"
#define PACKAGE_TARNAME "sdios"
#define PACKAGE_VERSION "0.1"
#define PACKAGE_STRING "sdiOS 0.1"
#define PACKAGE_BUGREPORT ""
#define CONFIG_COMPORT 0
#define CONFIG_COMSPEED 115200

configure: exit 0
